<?xml version="1.0" encoding="UTF-8"?>
<!-- Generated by org.testng.reporters.JUnitXMLReporter -->
<testsuite ignored="0" hostname="DESKTOP-EEPFM3U" failures="1" tests="4" name="BuyOnline" time="3.645" errors="0" timestamp="2021-09-03T13:34:57 SAST">
  <testcase classname="com.swaglabs.selenium.OrderProductsTest" name="launchBrowser" time="0.677"/>
  <testcase classname="com.swaglabs.selenium.OrderProductsTest" name="login" time="1.146"/>
  <testcase classname="com.swaglabs.selenium.OrderProductsTest" name="placeOrder" time="0.003">
    <failure type="java.lang.ArrayIndexOutOfBoundsException" message="Index 2 out of bounds for length 1">
      <![CDATA[java.lang.ArrayIndexOutOfBoundsException: Index 2 out of bounds for length 1
at com.swaglabs.selenium.OrderProductsTest.selectProduct(OrderProductsTest.java:184)
at com.swaglabs.selenium.OrderProductsTest.placeOrder(OrderProductsTest.java:127)
at java.base/java.util.ArrayList.forEach(ArrayList.java:1511)
... Removed 27 stack frames]]>
    </failure>
  </testcase> <!-- placeOrder -->
  <testcase classname="com.swaglabs.selenium.OrderProductsTest" name="updateOrder" time="0.001"/>
</testsuite> <!-- BuyOnline -->
