<?xml version="1.0" encoding="UTF-8"?>
<!-- Generated by org.testng.reporters.JUnitXMLReporter -->
<testsuite ignored="0" hostname="DESKTOP-EEPFM3U" failures="0" tests="4" name="group2" time="7.127" errors="0" timestamp="2021-09-03T10:41:22 SAST">
  <testcase classname="com.swaglabs.selenium.OrderProductsTest" name="launchBrowser" time="0.661"/>
  <testcase classname="com.swaglabs.selenium.OrderProductsTest" name="login" time="1.295"/>
  <testcase classname="com.swaglabs.selenium.OrderProductsTest" name="placeOrder" time="4.127"/>
  <testcase classname="com.swaglabs.selenium.OrderProductsTest" name="updateOrder" time="0.001"/>
</testsuite> <!-- group2 -->
