<?xml version="1.0" encoding="UTF-8"?>
<!-- Generated by org.testng.reporters.JUnitXMLReporter -->
<testsuite ignored="0" hostname="DESKTOP-EEPFM3U" failures="0" tests="5" name="BuyOnline" time="12.94" errors="0" timestamp="2021-09-04T03:03:23 SAST">
  <testcase classname="com.swaglabs.selenium.OrderProductsTest" name="launchBrowser" time="1.116"/>
  <testcase classname="com.swaglabs.selenium.OrderProductsTest" name="login" time="1.336"/>
  <testcase classname="com.swaglabs.selenium.OrderProductsTest" name="sortProducts" time="1.593"/>
  <testcase classname="com.swaglabs.selenium.OrderProductsTest" name="placeOrder" time="5.365"/>
  <testcase classname="com.swaglabs.selenium.OrderProductsTest" name="logout" time="1.406"/>
</testsuite> <!-- BuyOnline -->
