<?xml version="1.0" encoding="UTF-8"?>
<!-- Generated by org.testng.reporters.JUnitXMLReporter -->
<testsuite ignored="0" hostname="DESKTOP-EEPFM3U" failures="0" tests="5" name="BuyOnline" time="13.462" errors="0" timestamp="2021-09-04T02:38:34 SAST">
  <testcase classname="com.swaglabs.selenium.OrderProductsTest" name="launchBrowser" time="1.626"/>
  <testcase classname="com.swaglabs.selenium.OrderProductsTest" name="login" time="1.121"/>
  <testcase classname="com.swaglabs.selenium.OrderProductsTest" name="sortProducts" time="1.268"/>
  <testcase classname="com.swaglabs.selenium.OrderProductsTest" name="placeOrder" time="6.042"/>
  <testcase classname="com.swaglabs.selenium.OrderProductsTest" name="logout" time="1.049"/>
</testsuite> <!-- BuyOnline -->
