<?xml version="1.0" encoding="UTF-8"?>
<!-- Generated by org.testng.reporters.JUnitXMLReporter -->
<testsuite ignored="0" hostname="DESKTOP-EEPFM3U" failures="0" tests="4" name="group2" time="7.73" errors="0" timestamp="2021-09-03T19:32:53 SAST">
  <testcase classname="com.swaglabs.selenium.OrderProductsTest" name="launchBrowser" time="0.849"/>
  <testcase classname="com.swaglabs.selenium.OrderProductsTest" name="login" time="1.373"/>
  <testcase classname="com.swaglabs.selenium.OrderProductsTest" name="placeOrder" time="4.489"/>
  <testcase classname="com.swaglabs.selenium.OrderProductsTest" name="updateOrder" time="0.001"/>
</testsuite> <!-- group2 -->
