<?xml version="1.0" encoding="UTF-8"?>
<!-- Generated by org.testng.reporters.JUnitXMLReporter -->
<testsuite ignored="0" hostname="DESKTOP-EEPFM3U" failures="0" tests="5" name="Order Products" time="12.33" errors="0" timestamp="2021-09-04T03:12:09 SAST">
  <testcase classname="com.swaglabs.selenium.OrderProductsTest" name="launchBrowser" time="2.558"/>
  <testcase classname="com.swaglabs.selenium.OrderProductsTest" name="login" time="0.751"/>
  <testcase classname="com.swaglabs.selenium.OrderProductsTest" name="sortProducts" time="1.175"/>
  <testcase classname="com.swaglabs.selenium.OrderProductsTest" name="placeOrder" time="4.521"/>
  <testcase classname="com.swaglabs.selenium.OrderProductsTest" name="logout" time="1.254"/>
</testsuite> <!-- Order Products -->
