<?xml version="1.0" encoding="UTF-8"?>
<testng-results ignored="0" total="5" passed="5" failed="0" skipped="0">
  <reporter-output>
  </reporter-output>
  <suite started-at="2021-09-04T02:38:21 SAST" name="Swag Labs Test Suite" finished-at="2021-09-04T02:38:34 SAST" duration-ms="13462">
    <groups>
    </groups>
    <test started-at="2021-09-04T02:38:21 SAST" name="BuyOnline" finished-at="2021-09-04T02:38:34 SAST" duration-ms="13462">
      <class name="com.swaglabs.selenium.OrderProductsTest">
        <test-method is-config="true" signature="setupSuite()[pri:0, instance:com.swaglabs.selenium.OrderProductsTest@158d2680]" started-at="2021-09-04T02:38:20 SAST" name="setupSuite" finished-at="2021-09-04T02:38:21 SAST" duration-ms="288" status="PASS">
          <reporter-output>
          </reporter-output>
        </test-method> <!-- setupSuite -->
        <test-method is-config="true" signature="setupTest()[pri:0, instance:com.swaglabs.selenium.OrderProductsTest@158d2680]" started-at="2021-09-04T02:38:21 SAST" name="setupTest" finished-at="2021-09-04T02:38:23 SAST" duration-ms="2293" status="PASS">
          <reporter-output>
          </reporter-output>
        </test-method> <!-- setupTest -->
        <test-method signature="launchBrowser()[pri:1, instance:com.swaglabs.selenium.OrderProductsTest@158d2680]" started-at="2021-09-04T02:38:23 SAST" name="launchBrowser" finished-at="2021-09-04T02:38:25 SAST" duration-ms="1626" status="PASS">
          <reporter-output>
          </reporter-output>
        </test-method> <!-- launchBrowser -->
        <test-method signature="login()[pri:2, instance:com.swaglabs.selenium.OrderProductsTest@158d2680]" started-at="2021-09-04T02:38:25 SAST" name="login" finished-at="2021-09-04T02:38:26 SAST" duration-ms="1121" status="PASS">
          <reporter-output>
          </reporter-output>
        </test-method> <!-- login -->
        <test-method signature="sortProducts()[pri:3, instance:com.swaglabs.selenium.OrderProductsTest@158d2680]" started-at="2021-09-04T02:38:26 SAST" name="sortProducts" finished-at="2021-09-04T02:38:27 SAST" duration-ms="1268" status="PASS">
          <reporter-output>
          </reporter-output>
        </test-method> <!-- sortProducts -->
        <test-method signature="placeOrder()[pri:4, instance:com.swaglabs.selenium.OrderProductsTest@158d2680]" started-at="2021-09-04T02:38:27 SAST" name="placeOrder" finished-at="2021-09-04T02:38:33 SAST" duration-ms="6042" status="PASS">
          <reporter-output>
          </reporter-output>
        </test-method> <!-- placeOrder -->
        <test-method signature="logout()[pri:5, instance:com.swaglabs.selenium.OrderProductsTest@158d2680]" started-at="2021-09-04T02:38:33 SAST" name="logout" finished-at="2021-09-04T02:38:34 SAST" duration-ms="1049" status="PASS">
          <reporter-output>
          </reporter-output>
        </test-method> <!-- logout -->
        <test-method is-config="true" signature="completeTests()[pri:0, instance:com.swaglabs.selenium.OrderProductsTest@158d2680]" started-at="2021-09-04T02:38:34 SAST" name="completeTests" finished-at="2021-09-04T02:38:34 SAST" duration-ms="1" status="PASS">
          <reporter-output>
          </reporter-output>
        </test-method> <!-- completeTests -->
        <test-method is-config="true" signature="closeBrowser()[pri:0, instance:com.swaglabs.selenium.OrderProductsTest@158d2680]" started-at="2021-09-04T02:38:34 SAST" name="closeBrowser" finished-at="2021-09-04T02:38:34 SAST" duration-ms="0" status="PASS">
          <reporter-output>
          </reporter-output>
        </test-method> <!-- closeBrowser -->
        <test-method is-config="true" signature="endSuite()[pri:0, instance:com.swaglabs.selenium.OrderProductsTest@158d2680]" started-at="2021-09-04T02:38:34 SAST" name="endSuite" finished-at="2021-09-04T02:38:35 SAST" duration-ms="587" status="PASS">
          <reporter-output>
          </reporter-output>
        </test-method> <!-- endSuite -->
      </class> <!-- com.swaglabs.selenium.OrderProductsTest -->
    </test> <!-- BuyOnline -->
  </suite> <!-- Swag Labs Test Suite -->
</testng-results>
